<?xml version="1.0" encoding="UTF-8"?>
<testsuite xmlns:xsi="http://www.w3.org/2001/XMLSchema-instance" xsi:noNamespaceSchemaLocation="https://maven.apache.org/surefire/maven-surefire-plugin/xsd/surefire-test-report-3.0.xsd" version="3.0" name="pl.polsl.kg301743.dicethrower.model.DiceTest" time="0.099" tests="9" errors="0" skipped="0" failures="0">
  <properties>
[...]
</properties>
  <testcase name="testThrowDiceResultsProperData(int)[1]" classname="pl.polsl.kg301743.dicethrower.model.DiceTest" time="0.044"/>
  <testcase name="testThrowDiceResultsProperData(int)[2]" classname="pl.polsl.kg301743.dicethrower.model.DiceTest" time="0.001"/>
  <testcase name="testThrowDiceResultsProperData(int)[3]" classname="pl.polsl.kg301743.dicethrower.model.DiceTest" time="0.001"/>
  <testcase name="testThrowTimesInproperData(int)[1]" classname="pl.polsl.kg301743.dicethrower.model.DiceTest" time="0.001"/>
  <testcase name="testThrowTimesInproperData(int)[2]" classname="pl.polsl.kg301743.dicethrower.model.DiceTest" time="0.001"/>
  <testcase name="testThrowTimesInproperData(int)[3]" classname="pl.polsl.kg301743.dicethrower.model.DiceTest" time="0"/>
  <testcase name="testThrowTimesProperData(int)[1]" classname="pl.polsl.kg301743.dicethrower.model.DiceTest" time="0.001"/>
  <testcase name="testThrowTimesProperData(int)[2]" classname="pl.polsl.kg301743.dicethrower.model.DiceTest" time="0.001"/>
  <testcase name="testThrowTimesProperData(int)[3]" classname="pl.polsl.kg301743.dicethrower.model.DiceTest" time="0"/>
</testsuite>